app/build/outputs/logs/manifest-merger-debug-report.txt
-- Merging decision tree log ---
manifest
ADDED from AndroidManifest.xml:2:1
	xmlns:android
		ADDED from AndroidManifest.xml:2:11
	package
		ADDED from AndroidManifest.xml:3:3
		INJECTED from AndroidManifest.xml:0:0
		INJECTED from AndroidManifest.xml:0:0
	android:versionName
		INJECTED from AndroidManifest.xml:0:0
		INJECTED from AndroidManifest.xml:0:0
	android:versionCode
		INJECTED from AndroidManifest.xml:0:0
		INJECTED from AndroidManifest.xml:0:0
uses-permission#android.permission.WRITE_EXTERNAL_STORAGE
ADDED from AndroidManifest.xml:5:3
	android:name
		ADDED from AndroidManifest.xml:5:20
uses-permission#android.permission.READ_EXTERNAL_STORAGE
ADDED from AndroidManifest.xml:6:3
	android:name
		ADDED from AndroidManifest.xml:6:20
application
ADDED from AndroidManifest.xml:8:3
MERGED from com.android.support:appcompat-v7:21.0.3:16:5
MERGED from com.android.support:support-v4:21.0.3:16:5
MERGED from com.android.support:palette-v7:21.0.3:16:5
MERGED from com.android.support:support-v4:21.0.3:16:5
	android:label
		ADDED from AndroidManifest.xml:11:5
	android:allowBackup
		ADDED from AndroidManifest.xml:9:5
	android:icon
		ADDED from AndroidManifest.xml:10:5
	android:theme
		ADDED from AndroidManifest.xml:12:5
activity#com.novoda.materialpainter.PainterActivity
ADDED from AndroidManifest.xml:13:5
	android:label
		ADDED from AndroidManifest.xml:15:7
	android:name
		ADDED from AndroidManifest.xml:14:7
intent-filter#android.intent.action.MAIN+android.intent.category.LAUNCHER
ADDED from AndroidManifest.xml:16:7
action#android.intent.action.MAIN
ADDED from AndroidManifest.xml:17:9
	android:name
		ADDED from AndroidManifest.xml:17:17
category#android.intent.category.LAUNCHER
ADDED from AndroidManifest.xml:19:9
	android:name
		ADDED from AndroidManifest.xml:19:19
uses-sdk
INJECTED from AndroidManifest.xml:0:0 reason: use-sdk injection requested
MERGED from com.android.support:appcompat-v7:21.0.3:15:5
MERGED from com.android.support:support-v4:21.0.3:15:5
MERGED from com.android.support:palette-v7:21.0.3:15:5
MERGED from com.android.support:support-v4:21.0.3:15:5
	android:targetSdkVersion
		INJECTED from AndroidManifest.xml:0:0
		INJECTED from AndroidManifest.xml:0:0
	android:minSdkVersion
		INJECTED from AndroidManifest.xml:0:0
		INJECTED from AndroidManifest.xml:0:0